2014/02/21 22:16:52 [error] [exception.CException] exception 'CException' with message 'CAssetManager.basePath "/var/www/AppIngEgr/assets" is invalid. Please make sure the directory exists and is writable by the Web server process.' in /var/www/yii/framework/web/CAssetManager.php:138
Stack trace:
#0 /var/www/yii/framework/web/CAssetManager.php(123): CAssetManager->setBasePath('/var/www/AppIng...')
#1 /var/www/yii/framework/web/CAssetManager.php(217): CAssetManager->getBasePath()
#2 /var/www/yii/framework/web/CClientScript.php(510): CAssetManager->publish('/var/www/yii/fr...')
#3 /var/www/yii/framework/web/CClientScript.php(547): CClientScript->getCoreScriptUrl()
#4 /var/www/yii/framework/web/CClientScript.php(348): CClientScript->getPackageBaseUrl('jquery')
#5 /var/www/yii/framework/web/CClientScript.php(208): CClientScript->renderCoreScripts()
#6 /var/www/yii/framework/web/CController.php(351): CClientScript->render('<!DOCTYPE html ...')
#7 /var/www/yii/framework/web/CController.php(788): CController->processOutput('<!DOCTYPE html ...')
#8 /var/www/AppIngEgr/protected/controllers/SiteController.php(98): CController->render('login', Array)
#9 /var/www/yii/framework/web/actions/CInlineAction.php(49): SiteController->actionLogin()
#10 /var/www/yii/framework/web/CController.php(308): CInlineAction->runWithParams(Array)
#11 /var/www/yii/framework/web/CController.php(286): CController->runAction(Object(CInlineAction))
#12 /var/www/yii/framework/web/CController.php(265): CController->runActionWithFilters(Object(CInlineAction), Array)
#13 /var/www/yii/framework/web/CWebApplication.php(282): CController->run('login')
#14 /var/www/yii/framework/web/CWebApplication.php(141): CWebApplication->runController('site/login')
#15 /var/www/yii/framework/base/CApplication.php(180): CWebApplication->processRequest()
#16 /var/www/AppIngEgr/index.php(13): CApplication->run()
#17 {main}
REQUEST_URI=/AppIngEgr/index.php?r=site/login
HTTP_REFERER=http://localhost/AppIngEgr/
---
2014/02/21 22:16:53 [error] [exception.CException] exception 'CException' with message 'CAssetManager.basePath "/var/www/AppIngEgr/assets" is invalid. Please make sure the directory exists and is writable by the Web server process.' in /var/www/yii/framework/web/CAssetManager.php:138
Stack trace:
#0 /var/www/yii/framework/web/CAssetManager.php(123): CAssetManager->setBasePath('/var/www/AppIng...')
#1 /var/www/yii/framework/web/CAssetManager.php(217): CAssetManager->getBasePath()
#2 /var/www/yii/framework/web/CClientScript.php(510): CAssetManager->publish('/var/www/yii/fr...')
#3 /var/www/yii/framework/web/CClientScript.php(547): CClientScript->getCoreScriptUrl()
#4 /var/www/yii/framework/web/CClientScript.php(348): CClientScript->getPackageBaseUrl('jquery')
#5 /var/www/yii/framework/web/CClientScript.php(208): CClientScript->renderCoreScripts()
#6 /var/www/yii/framework/web/CController.php(351): CClientScript->render('<!DOCTYPE html ...')
#7 /var/www/yii/framework/web/CController.php(788): CController->processOutput('<!DOCTYPE html ...')
#8 /var/www/AppIngEgr/protected/controllers/SiteController.php(98): CController->render('login', Array)
#9 /var/www/yii/framework/web/actions/CInlineAction.php(49): SiteController->actionLogin()
#10 /var/www/yii/framework/web/CController.php(308): CInlineAction->runWithParams(Array)
#11 /var/www/yii/framework/web/CController.php(286): CController->runAction(Object(CInlineAction))
#12 /var/www/yii/framework/web/CController.php(265): CController->runActionWithFilters(Object(CInlineAction), Array)
#13 /var/www/yii/framework/web/CWebApplication.php(282): CController->run('login')
#14 /var/www/yii/framework/web/CWebApplication.php(141): CWebApplication->runController('site/login')
#15 /var/www/yii/framework/base/CApplication.php(180): CWebApplication->processRequest()
#16 /var/www/AppIngEgr/index.php(13): CApplication->run()
#17 {main}
REQUEST_URI=/AppIngEgr/index.php?r=site/login
HTTP_REFERER=http://localhost/AppIngEgr/index.php?r=site/login
---
2014/02/21 22:46:38 [error] [exception.CDbException] exception 'CDbException' with message 'CDbConnection failed to open the DB connection: SQLSTATE[28000] [1045] Access denied for user 'root'@'localhost' (using password: NO)' in /var/www/yii/framework/db/CDbConnection.php:382
Stack trace:
#0 /var/www/yii/framework/db/CDbConnection.php(330): CDbConnection->open()
#1 /var/www/yii/framework/db/CDbConnection.php(308): CDbConnection->setActive(true)
#2 /var/www/yii/framework/base/CModule.php(387): CDbConnection->init()
#3 /var/www/yii/framework/base/CModule.php(103): CModule->getComponent('db')
#4 /var/www/yii/framework/gii/generators/model/ModelCode.php(60): CModule->__get('db')
#5 /var/www/yii/framework/web/CFormModel.php(39): ModelCode->init()
#6 /var/www/yii/framework/gii/CCodeGenerator.php(153): CFormModel->__construct()
#7 /var/www/yii/framework/gii/CCodeGenerator.php(63): CCodeGenerator->prepare()
#8 /var/www/yii/framework/web/actions/CInlineAction.php(49): CCodeGenerator->actionIndex()
#9 /var/www/yii/framework/web/CController.php(308): CInlineAction->runWithParams(Array)
#10 /var/www/yii/framework/web/CController.php(286): CController->runAction(Object(CInlineAction))
#11 /var/www/yii/framework/web/CController.php(265): CController->runActionWithFilters(Object(CInlineAction), Array)
#12 /var/www/yii/framework/web/CWebApplication.php(282): CController->run('index')
#13 /var/www/yii/framework/web/CWebApplication.php(141): CWebApplication->runController('gii/model/index')
#14 /var/www/yii/framework/base/CApplication.php(180): CWebApplication->processRequest()
#15 /var/www/AppIngEgr/index.php(13): CApplication->run()
#16 {main}
REQUEST_URI=/AppIngEgr/index.php?r=gii/model/index
HTTP_REFERER=http://localhost/AppIngEgr/index.php?r=gii/form/index
---
2014/02/21 22:46:38 [error] [exception.CDbException] exception 'CDbException' with message 'CDbConnection failed to open the DB connection: SQLSTATE[28000] [1045] Access denied for user 'root'@'localhost' (using password: NO)' in /var/www/yii/framework/db/CDbConnection.php:382
Stack trace:
#0 /var/www/yii/framework/db/CDbConnection.php(330): CDbConnection->open()
#1 /var/www/yii/framework/db/CDbConnection.php(308): CDbConnection->setActive(true)
#2 /var/www/yii/framework/base/CModule.php(387): CDbConnection->init()
#3 /var/www/yii/framework/base/CModule.php(103): CModule->getComponent('db')
#4 /var/www/yii/framework/gii/generators/model/ModelCode.php(60): CModule->__get('db')
#5 /var/www/yii/framework/web/CFormModel.php(39): ModelCode->init()
#6 /var/www/yii/framework/gii/CCodeGenerator.php(153): CFormModel->__construct()
#7 /var/www/yii/framework/gii/CCodeGenerator.php(63): CCodeGenerator->prepare()
#8 /var/www/yii/framework/web/actions/CInlineAction.php(49): CCodeGenerator->actionIndex()
#9 /var/www/yii/framework/web/CController.php(308): CInlineAction->runWithParams(Array)
#10 /var/www/yii/framework/web/CController.php(286): CController->runAction(Object(CInlineAction))
#11 /var/www/yii/framework/web/CController.php(265): CController->runActionWithFilters(Object(CInlineAction), Array)
#12 /var/www/yii/framework/web/CWebApplication.php(282): CController->run('index')
#13 /var/www/yii/framework/web/CWebApplication.php(141): CWebApplication->runController('gii/model/index')
#14 /var/www/yii/framework/base/CApplication.php(180): CWebApplication->processRequest()
#15 /var/www/AppIngEgr/index.php(13): CApplication->run()
#16 {main}
REQUEST_URI=/AppIngEgr/index.php?r=gii/model/index
HTTP_REFERER=http://localhost/AppIngEgr/index.php?r=gii/model/index
---
